<?xml version="1.0" encoding="UTF-8"?>
<testsuite xmlns:xsi="http://www.w3.org/2001/XMLSchema-instance" xsi:noNamespaceSchemaLocation="https://maven.apache.org/surefire/maven-surefire-plugin/xsd/surefire-test-report-3.0.xsd" version="3.0" name="com.sy.WebApplicationTests" time="3.205" tests="1" errors="0" skipped="0" failures="0">
  <properties>
[...]
</properties>
  <testcase name="contextLoads" classname="com.sy.WebApplicationTests" time="0.495">
    <system-out><![CDATA[20:54:28.575 [main] INFO org.springframework.test.context.support.AnnotationConfigContextLoaderUtils -- Could not detect default configuration classes for test class [com.sy.WebApplicationTests]: WebApplicationTests does not declare any static, non-private, non-final, nested classes annotated with @Configuration.
20:54:28.644 [main] INFO org.springframework.boot.test.context.SpringBootTestContextBootstrapper -- Found @SpringBootConfiguration com.sy.WebApplication for test class com.sy.WebApplicationTests

  .   ____          _            __ _ _
 /\\ / ___'_ __ _ _(_)_ __  __ _ \ \ \ \
( ( )\___ | '_ | '_| | '_ \/ _` | \ \ \ \
 \\/  ___)| |_)| | | | | || (_| |  ) ) ) )
  '  |____| .__|_| |_|_| |_\__, | / / / /
 =========|_|==============|___/=/_/_/_/
 :: Spring Boot ::                (v3.2.3)

2025-11-25T20:54:28.942+08:00  INFO 27972 --- [web] [           main] com.sy.WebApplicationTests               : Starting WebApplicationTests using Java 17.0.15 with PID 27972 (started by zhaoshuy in /home/zhaoshuy/java/backend/web)
2025-11-25T20:54:28.943+08:00  INFO 27972 --- [web] [           main] com.sy.WebApplicationTests               : No active profile set, falling back to 1 default profile: "default"
2025-11-25T20:54:29.500+08:00  INFO 27972 --- [web] [           main] .s.d.r.c.RepositoryConfigurationDelegate : Multiple Spring Data modules found, entering strict repository configuration mode
2025-11-25T20:54:29.502+08:00  INFO 27972 --- [web] [           main] .s.d.r.c.RepositoryConfigurationDelegate : Bootstrapping Spring Data Redis repositories in DEFAULT mode.
2025-11-25T20:54:29.524+08:00  INFO 27972 --- [web] [           main] .s.d.r.c.RepositoryConfigurationDelegate : Finished Spring Data repository scanning in 7 ms. Found 0 Redis repository interfaces.
 _ _   |_  _ _|_. ___ _ |    _ 
| | |\/|_)(_| | |_\  |_)||_|_\ 
     /               |         
                        3.5.5 
2025-11-25T20:54:30.213+08:00  WARN 27972 --- [web] [           main] c.b.m.core.injector.methods.Insert       : [com.sy.mapper.UserMapper.insert] Has been loaded by XML or SqlProvider or Mybatis's Annotation, so ignoring this injection for [class com.baomidou.mybatisplus.core.injector.methods.Insert]
2025-11-25T20:54:30.222+08:00  WARN 27972 --- [web] [           main] c.b.m.core.injector.methods.Update       : [com.sy.mapper.UserMapper.update] Has been loaded by XML or SqlProvider or Mybatis's Annotation, so ignoring this injection for [class com.baomidou.mybatisplus.core.injector.methods.Update]
2025-11-25T20:54:30.237+08:00  WARN 27972 --- [web] [           main] c.b.m.c.i.methods.SelectBatchByIds       : [com.sy.mapper.UserMapper.selectBatchIds] Has been loaded by XML or SqlProvider or Mybatis's Annotation, so ignoring this injection for [class com.baomidou.mybatisplus.core.injector.methods.SelectBatchByIds]
2025-11-25T20:54:30.347+08:00  INFO 27972 --- [web] [           main] com.sy.service.impl.EmailServiceImpl     : 邮件正常模式：验证码将发送到用户真实邮箱
2025-11-25T20:54:30.633+08:00  INFO 27972 --- [web] [           main] com.sy.service.impl.EmailServiceImpl     : Redis连接测试成功
2025-11-25T20:54:30.708+08:00  WARN 27972 --- [web] [           main] .s.s.UserDetailsServiceAutoConfiguration : 

Using generated security password: 112c6891-497c-4ba0-9f58-3d9e739c058f

This generated password is for development use only. Your security configuration must be updated before running your application in production.

2025-11-25T20:54:30.942+08:00  INFO 27972 --- [web] [           main] o.s.s.web.DefaultSecurityFilterChain     : Will secure any request with [org.springframework.security.web.session.DisableEncodeUrlFilter@6c851821, org.springframework.security.web.context.request.async.WebAsyncManagerIntegrationFilter@4c0930c4, org.springframework.security.web.context.SecurityContextHolderFilter@afb7b03, org.springframework.security.web.header.HeaderWriterFilter@5ffdd510, org.springframework.web.filter.CorsFilter@75c0cd39, org.springframework.web.filter.CorsFilter@7cf66cf9, org.springframework.security.web.authentication.logout.LogoutFilter@6f4f2cc0, org.springframework.security.web.savedrequest.RequestCacheAwareFilter@7d483ebe, org.springframework.security.web.servletapi.SecurityContextHolderAwareRequestFilter@cea67b1, org.springframework.security.web.authentication.AnonymousAuthenticationFilter@38f63756, org.springframework.security.web.session.SessionManagementFilter@cd93621, org.springframework.security.web.access.ExceptionTranslationFilter@50e24ea4, org.springframework.security.web.access.intercept.AuthorizationFilter@3be369fc]
2025-11-25T20:54:31.158+08:00  INFO 27972 --- [web] [           main] com.sy.WebApplicationTests               : Started WebApplicationTests in 2.409 seconds (process running for 3.076)
]]></system-out>
  </testcase>
</testsuite>